19:40:26.263 [main] INFO  testCases.TC003_LoginDDT -===== Test Started====>
19:40:28.673 [main] INFO  testCases.TC003_LoginDDT -===== Test Finished====>
19:40:28.677 [main] INFO  testCases.TC003_LoginDDT -===== Test Started====>
19:40:38.776 [main] INFO  testCases.TC003_LoginDDT -===== Test Started====>
19:40:50.473 [main] INFO  testCases.TC003_LoginDDT -===== Test Finished====>
19:40:50.473 [main] INFO  testCases.TC003_LoginDDT -===== Test Started====>
19:41:02.543 [main] INFO  testCases.TC003_LoginDDT -===== Test Finished====>
19:41:02.558 [main] INFO  testCases.TC003_LoginDDT -===== Test Started====>
19:41:04.481 [main] INFO  testCases.TC003_LoginDDT -===== Test Finished====>
19:47:55.332 [main] INFO  org.testng.internal.Utils -[TestNG] Running:
  C:\Users\gkakade\API_GK\opencartdemo\testng.xml

19:48:03.105 [main] INFO  testCases.TC001_Account_Registartion -<----Starting Test TC001_Account_Registartion ----->
19:48:03.418 [main] INFO  testCases.TC001_Account_Registartion -<----Clicked on My Account Link----->
19:48:03.974 [main] INFO  testCases.TC001_Account_Registartion -<----Clicked on My Register Link----->
19:48:03.977 [main] INFO  testCases.TC001_Account_Registartion -<----Providing customer info----->
19:48:06.165 [main] INFO  testCases.TC001_Account_Registartion -<----Validating expected message----->
19:48:06.165 [main] INFO  testCases.TC001_Account_Registartion -<----Testing is Finished------>
19:48:11.607 [main] INFO  testCases.TC002_LoginTest -====> TC002_LoginTest execution started =====> 
19:48:13.097 [main] INFO  testCases.TC002_LoginTest -===Entering details for login====
19:48:14.621 [main] INFO  testCases.TC002_LoginTest -===TC002_LoginTest Completed====
19:48:22.043 [main] INFO  testCases.TC003_LoginDDT -===== Test Started====>
19:48:24.796 [main] INFO  testCases.TC003_LoginDDT -===== Test Finished====>
19:48:24.801 [main] INFO  testCases.TC003_LoginDDT -===== Test Started====>
19:48:34.931 [main] INFO  testCases.TC003_LoginDDT -===== Test Started====>
19:48:46.424 [main] INFO  testCases.TC003_LoginDDT -===== Test Finished====>
19:48:46.424 [main] INFO  testCases.TC003_LoginDDT -===== Test Started====>
19:48:57.847 [main] INFO  testCases.TC003_LoginDDT -===== Test Finished====>
19:48:57.862 [main] INFO  testCases.TC003_LoginDDT -===== Test Started====>
19:49:00.148 [main] INFO  testCases.TC003_LoginDDT -===== Test Finished====>
15:18:55.194 [main] INFO  org.testng.internal.Utils -[TestNG] Running:
  C:\Users\gkakade\API_GK\opencartdemo\testng.xml

15:19:06.129 [main] INFO  testCases.TC001_Account_Registartion -<----Starting Test TC001_Account_Registartion ----->
15:19:07.337 [main] INFO  testCases.TC001_Account_Registartion -<----Clicked on My Account Link----->
15:19:08.665 [main] INFO  testCases.TC001_Account_Registartion -<----Clicked on My Register Link----->
15:19:08.681 [main] INFO  testCases.TC001_Account_Registartion -<----Providing customer info----->
15:19:13.619 [main] INFO  testCases.TC001_Account_Registartion -<----Validating expected message----->
15:19:13.627 [main] INFO  testCases.TC001_Account_Registartion -<----Testing is Finished------>
15:19:23.702 [main] INFO  testCases.TC002_LoginTest -====> TC002_LoginTest execution started =====> 
15:19:25.822 [main] INFO  testCases.TC002_LoginTest -===Entering details for login====
15:19:28.385 [main] INFO  testCases.TC002_LoginTest -===TC002_LoginTest Completed====
15:19:41.372 [main] INFO  testCases.TC003_LoginDDT -===== Test Started====>
15:19:45.571 [main] INFO  testCases.TC003_LoginDDT -===== Test Finished====>
15:19:45.582 [main] INFO  testCases.TC003_LoginDDT -===== Test Started====>
15:20:02.117 [main] INFO  testCases.TC003_LoginDDT -===== Test Started====>
15:20:19.465 [main] INFO  testCases.TC003_LoginDDT -===== Test Finished====>
15:20:19.465 [main] INFO  testCases.TC003_LoginDDT -===== Test Started====>
15:20:32.521 [main] INFO  testCases.TC003_LoginDDT -===== Test Finished====>
15:20:32.535 [main] INFO  testCases.TC003_LoginDDT -===== Test Started====>
15:25:35.334 [main] INFO  org.testng.internal.Utils -[TestNG] Running:
  C:\Users\gkakade\API_GK\opencartdemo\testng.xml

15:25:41.515 [main] INFO  io.github.bonigarcia.wdm.WebDriverManager -Using chromedriver 142.0.7444.175 (resolved driver for Chrome 142)
15:25:41.766 [main] INFO  io.github.bonigarcia.wdm.WebDriverManager -Exporting webdriver.chrome.driver as C:\Users\gkakade\.cache\selenium\chromedriver\win64\142.0.7444.175\chromedriver.exe
15:26:00.735 [main] INFO  testCases.TC003_LoginDDT -===== Test Started====>
15:26:05.904 [main] INFO  testCases.TC003_LoginDDT -===== Test Finished====>
15:26:05.921 [main] INFO  testCases.TC003_LoginDDT -===== Test Started====>
15:26:16.208 [main] INFO  testCases.TC003_LoginDDT -===== Test Started====>
15:26:26.452 [main] INFO  testCases.TC003_LoginDDT -===== Test Started====>
15:26:36.678 [main] INFO  testCases.TC003_LoginDDT -===== Test Started====>
15:28:48.378 [main] INFO  org.testng.internal.Utils -[TestNG] Running:
  C:\Users\gkakade\API_GK\opencartdemo\testng.xml

