13:50:07.657 [main] INFO  testCases.TC001_Account_Registartion -<----Testing is Finished------>
13:51:30.985 [main] INFO  testCases.TC001_Account_Registartion -<----Starting Test TC001_Account_Registartion ----->
13:51:31.176 [main] INFO  testCases.TC001_Account_Registartion -<----Clicked on My Account Link----->
13:51:32.116 [main] INFO  testCases.TC001_Account_Registartion -<----Clicked on My Register Link----->
13:51:32.120 [main] INFO  testCases.TC001_Account_Registartion -<----Providing customer info----->
13:51:34.147 [main] INFO  testCases.TC001_Account_Registartion -<----Validating expected message----->
13:51:34.153 [main] INFO  testCases.TC001_Account_Registartion -<----Testing is Finished------>
13:54:44.489 [main] INFO  testCases.TC001_Account_Registartion -<----Starting Test TC001_Account_Registartion ----->
13:54:44.942 [main] INFO  testCases.TC001_Account_Registartion -<----Clicked on My Account Link----->
13:54:46.793 [main] INFO  testCases.TC001_Account_Registartion -<----Clicked on My Register Link----->
13:54:46.804 [main] INFO  testCases.TC001_Account_Registartion -<----Providing customer info----->
13:54:51.973 [main] INFO  testCases.TC001_Account_Registartion -<----Validating expected message----->
13:54:51.975 [main] INFO  testCases.TC001_Account_Registartion -<----Testing is Finished------>
13:55:07.024 [main] INFO  testCases.TC001_Account_Registartion -<----Starting Test TC001_Account_Registartion ----->
13:55:07.311 [main] INFO  testCases.TC001_Account_Registartion -<----Clicked on My Account Link----->
13:55:08.257 [main] INFO  testCases.TC001_Account_Registartion -<----Clicked on My Register Link----->
13:55:08.258 [main] INFO  testCases.TC001_Account_Registartion -<----Providing customer info----->
13:55:10.654 [main] INFO  testCases.TC001_Account_Registartion -<----Validating expected message----->
13:55:10.655 [main] INFO  testCases.TC001_Account_Registartion -<----Testing is Finished------>
13:56:03.705 [TestNG-test-TestChrome-1] INFO  testCases.TC001_Account_Registartion -<----Starting Test TC001_Account_Registartion ----->
13:56:03.862 [TestNG-test-TestChrome-1] INFO  testCases.TC001_Account_Registartion -<----Clicked on My Account Link----->
13:56:04.761 [TestNG-test-TestChrome-1] INFO  testCases.TC001_Account_Registartion -<----Clicked on My Register Link----->
13:56:04.764 [TestNG-test-TestChrome-1] INFO  testCases.TC001_Account_Registartion -<----Providing customer info----->
13:56:08.259 [TestNG-test-TestChrome-1] INFO  testCases.TC001_Account_Registartion -<----Validating expected message----->
13:56:08.264 [TestNG-test-TestChrome-1] INFO  testCases.TC001_Account_Registartion -<----Testing is Finished------>
13:56:26.049 [TestNG-test-Testfirefox-1] INFO  testCases.TC001_Account_Registartion -<----Starting Test TC001_Account_Registartion ----->
13:56:26.453 [TestNG-test-Testfirefox-1] INFO  testCases.TC001_Account_Registartion -<----Clicked on My Account Link----->
13:56:27.217 [TestNG-test-Testfirefox-1] INFO  testCases.TC001_Account_Registartion -<----Clicked on My Register Link----->
13:56:27.219 [TestNG-test-Testfirefox-1] INFO  testCases.TC001_Account_Registartion -<----Providing customer info----->
13:56:29.497 [TestNG-test-Testfirefox-1] INFO  testCases.TC001_Account_Registartion -<----Validating expected message----->
13:56:29.498 [TestNG-test-Testfirefox-1] INFO  testCases.TC001_Account_Registartion -<----Testing is Finished------>
13:57:00.055 [TestNG-tests-2] INFO  testCases.TC001_Account_Registartion -<----Starting Test TC001_Account_Registartion ----->
13:57:01.289 [TestNG-tests-1] INFO  testCases.TC001_Account_Registartion -<----Clicked on My Register Link----->
13:57:01.294 [TestNG-tests-1] INFO  testCases.TC001_Account_Registartion -<----Providing customer info----->
13:57:02.212 [TestNG-tests-2] INFO  testCases.TC001_Account_Registartion -<----Clicked on My Account Link----->
13:57:04.017 [TestNG-tests-2] INFO  testCases.TC001_Account_Registartion -<----Clicked on My Register Link----->
13:57:04.019 [TestNG-tests-2] INFO  testCases.TC001_Account_Registartion -<----Providing customer info----->
13:57:04.119 [TestNG-tests-1] ERROR testCases.TC001_Account_Registartion -Test Failed
13:57:07.748 [TestNG-tests-3] INFO  testCases.TC001_Account_Registartion -<----Starting Test TC001_Account_Registartion ----->
13:57:07.767 [TestNG-tests-2] ERROR testCases.TC001_Account_Registartion -Test Failed
13:57:11.027 [TestNG-tests-3] ERROR testCases.TC001_Account_Registartion -Test Failed
14:07:36.468 [main] INFO  testCases.TC001_Account_Registartion -<----Starting Test TC001_Account_Registartion ----->
14:07:36.616 [main] INFO  testCases.TC001_Account_Registartion -<----Clicked on My Account Link----->
14:07:37.607 [main] INFO  testCases.TC001_Account_Registartion -<----Clicked on My Register Link----->
14:07:37.611 [main] INFO  testCases.TC001_Account_Registartion -<----Providing customer info----->
14:07:41.470 [main] INFO  testCases.TC001_Account_Registartion -<----Validating expected message----->
