15:11:40.994 [main] INFO  testCases.TC001_Account_Registartion -<----Testing is Finished------>
15:11:58.052 [main] INFO  testCases.TC002_LoginTest -====> TC002_LoginTest execution started =====> 
15:12:00.479 [main] INFO  testCases.TC002_LoginTest -===Entering details for login====
15:12:13.705 [main] INFO  testCases.TC002_LoginTest -===TC002_LoginTest Completed====
15:19:56.966 [main] INFO  testCases.TC001_Account_Registartion -<----Starting Test TC001_Account_Registartion ----->
15:20:07.035 [main] ERROR testCases.TC001_Account_Registartion -Test Failed
15:20:15.943 [main] INFO  testCases.TC002_LoginTest -====> TC002_LoginTest execution started =====> 
15:23:06.631 [main] INFO  testCases.TC001_Account_Registartion -<----Starting Test TC001_Account_Registartion ----->
15:23:16.727 [main] ERROR testCases.TC001_Account_Registartion -Test Failed
15:23:22.564 [main] INFO  testCases.TC002_LoginTest -====> TC002_LoginTest execution started =====> 
15:44:33.940 [main] INFO  testCases.TC001_Account_Registartion -<----Starting Test TC001_Account_Registartion ----->
15:44:44.020 [main] ERROR testCases.TC001_Account_Registartion -Test Failed
15:44:50.670 [main] INFO  testCases.TC002_LoginTest -====> TC002_LoginTest execution started =====> 
15:47:29.011 [main] INFO  org.testng.internal.Utils -[TestNG] Running:
  C:\Users\gkakade\API_GK\opencartdemo\testng.xml

15:47:38.081 [main] INFO  testCases.TC001_Account_Registartion -<----Starting Test TC001_Account_Registartion ----->
15:47:38.172 [main] INFO  testCases.TC001_Account_Registartion -<----Clicked on My Account Link----->
15:47:38.996 [main] INFO  testCases.TC001_Account_Registartion -<----Clicked on My Register Link----->
15:47:38.999 [main] INFO  testCases.TC001_Account_Registartion -<----Providing customer info----->
15:47:41.096 [main] INFO  testCases.TC001_Account_Registartion -<----Validating expected message----->
15:47:41.098 [main] INFO  testCases.TC001_Account_Registartion -<----Testing is Finished------>
15:47:48.927 [main] INFO  testCases.TC002_LoginTest -====> TC002_LoginTest execution started =====> 
15:47:49.699 [main] INFO  testCases.TC002_LoginTest -===Entering details for login====
15:47:51.114 [main] INFO  testCases.TC002_LoginTest -===TC002_LoginTest Completed====
15:50:44.358 [main] INFO  testCases.TC001_Account_Registartion -<----Starting Test TC001_Account_Registartion ----->
15:50:54.414 [main] ERROR testCases.TC001_Account_Registartion -Test Failed
15:51:06.120 [main] INFO  testCases.TC002_LoginTest -====> TC002_LoginTest execution started =====> 
15:52:23.489 [main] INFO  testCases.TC001_Account_Registartion -<----Starting Test TC001_Account_Registartion ----->
15:52:23.660 [main] INFO  testCases.TC001_Account_Registartion -<----Clicked on My Account Link----->
15:52:24.423 [main] INFO  testCases.TC001_Account_Registartion -<----Clicked on My Register Link----->
15:52:24.427 [main] INFO  testCases.TC001_Account_Registartion -<----Providing customer info----->
15:52:27.609 [main] INFO  testCases.TC001_Account_Registartion -<----Validating expected message----->
15:52:27.613 [main] INFO  testCases.TC001_Account_Registartion -<----Testing is Finished------>
15:52:34.946 [main] INFO  testCases.TC002_LoginTest -====> TC002_LoginTest execution started =====> 
15:52:35.579 [main] INFO  testCases.TC002_LoginTest -===Entering details for login====
15:52:36.858 [main] INFO  testCases.TC002_LoginTest -===TC002_LoginTest Completed====
16:00:21.644 [main] INFO  testCases.TC001_Account_Registartion -<----Starting Test TC001_Account_Registartion ----->
16:00:21.770 [main] INFO  testCases.TC001_Account_Registartion -<----Clicked on My Account Link----->
16:00:23.130 [main] INFO  testCases.TC001_Account_Registartion -<----Clicked on My Register Link----->
16:00:23.134 [main] INFO  testCases.TC001_Account_Registartion -<----Providing customer info----->
16:00:26.276 [main] INFO  testCases.TC001_Account_Registartion -<----Validating expected message----->
16:00:26.279 [main] INFO  testCases.TC001_Account_Registartion -<----Testing is Finished------>
16:00:33.784 [main] INFO  testCases.TC002_LoginTest -====> TC002_LoginTest execution started =====> 
16:00:34.490 [main] INFO  testCases.TC002_LoginTest -===Entering details for login====
16:00:35.823 [main] INFO  testCases.TC002_LoginTest -===TC002_LoginTest Completed====
16:04:18.401 [main] INFO  testCases.TC001_Account_Registartion -<----Starting Test TC001_Account_Registartion ----->
16:04:28.546 [main] ERROR testCases.TC001_Account_Registartion -Test Failed
16:04:37.670 [main] INFO  testCases.TC002_LoginTest -====> TC002_LoginTest execution started =====> 
16:09:06.103 [main] INFO  testCases.TC001_Account_Registartion -<----Starting Test TC001_Account_Registartion ----->
16:09:16.186 [main] ERROR testCases.TC001_Account_Registartion -Test Failed
16:09:26.237 [main] INFO  testCases.TC002_LoginTest -====> TC002_LoginTest execution started =====> 
16:12:40.953 [main] INFO  testCases.TC001_Account_Registartion -<----Starting Test TC001_Account_Registartion ----->
